0 info it worked if it ends with ok
1 verbose cli [ '/usr/local/bin/node', '/usr/local/bin/npm', 'run', 'develop' ]
2 info using npm@3.9.5
3 info using node@v4.4.5
4 verbose run-script [ 'predevelop', 'develop', 'postdevelop' ]
5 info lifecycle lti_base_php@0.0.1~predevelop: lti_base_php@0.0.1
6 silly lifecycle lti_base_php@0.0.1~predevelop: no script for predevelop, continuing
7 info lifecycle lti_base_php@0.0.1~develop: lti_base_php@0.0.1
8 verbose lifecycle lti_base_php@0.0.1~develop: unsafe-perm in lifecycle true
9 verbose lifecycle lti_base_php@0.0.1~develop: PATH: /usr/local/lib/node_modules/npm/bin/node-gyp-bin:/Users/saisun/ProjectCode/uqx_tools/PSYC101.1x_Correlation/node_modules/.bin:/usr/local/bin:/usr/local/bin:/usr/local/mysql/bin:/usr/local/mysql/bin:/usr/local/Cellar/mongodb/2.4.9/bin:/usr/bin:/bin:/usr/sbin:/sbin:/usr/local/bin:/usr/local/mysql/bin
10 verbose lifecycle lti_base_php@0.0.1~develop: CWD: /Users/saisun/ProjectCode/uqx_tools/PSYC101.1x_Correlation
11 silly lifecycle lti_base_php@0.0.1~develop: Args: [ '-c', 'npm install && grunt run' ]
12 silly lifecycle lti_base_php@0.0.1~develop: Returned: code: 6  signal: null
13 info lifecycle lti_base_php@0.0.1~develop: Failed to exec develop script
14 verbose stack Error: lti_base_php@0.0.1 develop: `npm install && grunt run`
14 verbose stack Exit status 6
14 verbose stack     at EventEmitter.<anonymous> (/usr/local/lib/node_modules/npm/lib/utils/lifecycle.js:245:16)
14 verbose stack     at emitTwo (events.js:87:13)
14 verbose stack     at EventEmitter.emit (events.js:172:7)
14 verbose stack     at ChildProcess.<anonymous> (/usr/local/lib/node_modules/npm/lib/utils/spawn.js:24:14)
14 verbose stack     at emitTwo (events.js:87:13)
14 verbose stack     at ChildProcess.emit (events.js:172:7)
14 verbose stack     at maybeClose (internal/child_process.js:827:16)
14 verbose stack     at Process.ChildProcess._handle.onexit (internal/child_process.js:211:5)
15 verbose pkgid lti_base_php@0.0.1
16 verbose cwd /Users/saisun/ProjectCode/uqx_tools/PSYC101.1x_Correlation
17 error Darwin 15.6.0
18 error argv "/usr/local/bin/node" "/usr/local/bin/npm" "run" "develop"
19 error node v4.4.5
20 error npm  v3.9.5
21 error code ELIFECYCLE
22 error lti_base_php@0.0.1 develop: `npm install && grunt run`
22 error Exit status 6
23 error Failed at the lti_base_php@0.0.1 develop script 'npm install && grunt run'.
23 error Make sure you have the latest version of node.js and npm installed.
23 error If you do, this is most likely a problem with the lti_base_php package,
23 error not with npm itself.
23 error Tell the author that this fails on your system:
23 error     npm install && grunt run
23 error You can get information on how to open an issue for this project with:
23 error     npm bugs lti_base_php
23 error Or if that isn't available, you can get their info via:
23 error     npm owner ls lti_base_php
23 error There is likely additional logging output above.
24 verbose exit [ 1, true ]
